#
# A fatal error has been detected by the Java Runtime Environment:
#
#  EXCEPTION_ACCESS_VIOLATION (0xc0000005) at pc=0x000001df96251066, pid=13220, tid=0x0000000000002d40
#
# JRE version: OpenJDK Runtime Environment (8.0_282-b08) (build 1.8.0_282-b08)
# Java VM: OpenJDK 64-Bit Server VM (25.282-b08 mixed mode windows-amd64 compressed oops)
# Problematic frame:
# C  [OpenAL64.dll+0x11066]
#
# Failed to write core dump. Minidumps are not enabled by default on client versions of Windows
#
# If you would like to submit a bug report, please visit:
#   https://github.com/AdoptOpenJDK/openjdk-support/issues
# The crash happened outside the Java Virtual Machine in native code.
# See problematic frame for where to report the bug.
#

---------------  T H R E A D  ---------------

Current thread (0x000001df95ffc000):  JavaThread "main" [_thread_in_native, id=11584, stack(0x0000004b41200000,0x0000004b41300000)]

siginfo: ExceptionCode=0xc0000005, reading address 0x000001dfafa79004

Registers:
RAX=0x0000000000000004, RBX=0x000001dfb2310090, RCX=0x000001dfafa79008, RDX=0x000001dfafa79004
RSP=0x0000004b412fc940, RBP=0x00000000000000ff, RSI=0x000001dfafa7846c, RDI=0x0000000000000000
R8 =0x00000000000002e6, R9 =0x000001dfafa7846c, R10=0x000001df97ac9c62, R11=0x0000000076b51670
R12=0x0000000000000001, R13=0x000001dfb1ff57d8, R14=0x0000004b412fcae0, R15=0x000001df95ffc000
RIP=0x000001df96251066, EFLAGS=0x0000000000010202

Top of Stack: (sp=0x0000004b412fc940)
0x0000004b412fc940:   0000000000000000 0000000000000000
0x0000004b412fc950:   0000000000000000 000001df95ffc000
0x0000004b412fc960:   0000004b412fcae0 000001dfb1ff57d8
0x0000004b412fc970:   000001df95ffc000 000001df95fea5f0
0x0000004b412fc980:   000001dfb1ff57d8 0000000000000000
0x0000004b412fc990:   000001df95fc5bf0 00000000769ea425
0x0000004b412fc9a0:   0000004b412fd270 000001df95ffca70
0x0000004b412fc9b0:   000001df95ffc000 0000004b412fcae0
0x0000004b412fc9c0:   000001dfb1ff57d8 0000000000000000
0x0000004b412fc9d0:   000001dfafa7846c 0000000000000248
0x0000004b412fc9e0:   0000004b412fcaa8 000001df9625248f
0x0000004b412fc9f0:   000001dfb2310090 000001dfb2310090
0x0000004b412fca00:   000000000000ac44 000001df00000004
0x0000004b412fca10:   000001df97ab7bd0 000001df97ac9c8e
0x0000004b412fca20:   000001dfb1ff57d8 0000004b412fca28
0x0000004b412fca30:   000001df97ab7bd0 000001df97ac999b 

Instructions: (pc=0x000001df96251066)
0x000001df96251046:   41 2b ec 81 3a 03 00 02 00 75 09 8b 01 89 84 24
0x000001df96251056:   c8 00 00 00 49 83 c0 02 48 83 c1 08 4a 8d 14 86
0x000001df96251066:   39 3a 75 af 4c 8d 84 24 c0 00 00 00 48 8d 15 d7
0x000001df96251076:   2b 03 00 33 c9 e8 58 5f 00 00 b8 40 1f 00 00 4c 


Register to memory mapping:

RAX=0x0000000000000004 is an unknown value
RBX=0x000001dfb2310090 is an unknown value
RCX=0x000001dfafa79008 is an unknown value
RDX=0x000001dfafa79004 is an unknown value
RSP=0x0000004b412fc940 is pointing into the stack for thread: 0x000001df95ffc000
RBP=0x00000000000000ff is an unknown value
RSI=0x000001dfafa7846c is an unknown value
RDI=0x0000000000000000 is an unknown value
R8 =0x00000000000002e6 is an unknown value
R9 =0x000001dfafa7846c is an unknown value
R10=0x000001df97ac9c62 is at code_begin+962 in an Interpreter codelet
method entry point (kind = native)  [0x000001df97ac98a0, 0x000001df97aca340]  2720 bytes
R11=0x0000000076b51670 is an unknown value
R12=0x0000000000000001 is an unknown value
R13={method} {0x000001dfb1ff57e0} 'nalcCreateContext' '(JJ)J' in 'org/lwjgl/openal/ALC10'
R14=0x0000004b412fcae0 is pointing into the stack for thread: 0x000001df95ffc000
R15=0x000001df95ffc000 is a thread


Stack: [0x0000004b41200000,0x0000004b41300000],  sp=0x0000004b412fc940,  free space=1010k
Native frames: (J=compiled Java code, j=interpreted, Vv=VM code, C=native code)
C  [OpenAL64.dll+0x11066]
C  [OpenAL64.dll+0x1248f]
C  0x000001df97ac9c8e

Java frames: (J=compiled Java code, j=interpreted, Vv=VM code)
j  org.lwjgl.openal.ALC10.nalcCreateContext(JJ)J+0
j  org.lwjgl.openal.ALC10.alcCreateContext(Lorg/lwjgl/openal/ALCdevice;Ljava/nio/IntBuffer;)Lorg/lwjgl/openal/ALCcontext;+8
j  org.lwjgl.openal.AL.init(Ljava/lang/String;IIZZ)V+69
j  org.lwjgl.openal.AL.create(Ljava/lang/String;IIZZ)V+246
j  org.lwjgl.openal.AL.create(Ljava/lang/String;IIZ)V+5
j  org.lwjgl.openal.AL.create()V+6
j  com.badlogic.gdx.backends.lwjgl.audio.OpenALAudio.<init>(III)V+114
j  com.badlogic.gdx.backends.lwjgl.LwjglApplication.<init>(Lcom/badlogic/gdx/ApplicationListener;Lcom/badlogic/gdx/backends/lwjgl/LwjglApplicationConfiguration;Lcom/badlogic/gdx/backends/lwjgl/LwjglGraphics;)V+120
j  com.badlogic.gdx.backends.lwjgl.LwjglApplication.<init>(Lcom/badlogic/gdx/ApplicationListener;Lcom/badlogic/gdx/backends/lwjgl/LwjglApplicationConfiguration;)V+11
j  org.uqbar.project.wollok.game.gameboard.WollokGDXApplication.<init>(Lorg/uqbar/project/wollok/game/gameboard/Gameboard;Ljava/lang/Boolean;)V+17
j  org.uqbar.project.wollok.game.helpers.Application.start(Lorg/uqbar/project/wollok/game/gameboard/Gameboard;Ljava/lang/Boolean;)V+5
j  org.uqbar.project.wollok.game.gameboard.Gameboard.start(Ljava/lang/Boolean;)V+13
j  wollok.game.GameObject.doStart(Ljava/lang/Boolean;)V+12
v  ~StubRoutines::call_stub
j  sun.reflect.NativeMethodAccessorImpl.invoke0(Ljava/lang/reflect/Method;Ljava/lang/Object;[Ljava/lang/Object;)Ljava/lang/Object;+0
j  sun.reflect.NativeMethodAccessorImpl.invoke(Ljava/lang/Object;[Ljava/lang/Object;)Ljava/lang/Object;+100
J 2527 C1 sun.reflect.DelegatingMethodAccessorImpl.invoke(Ljava/lang/Object;[Ljava/lang/Object;)Ljava/lang/Object; (10 bytes) @ 0x000001df98333ec4 [0x000001df98333dc0+0x104]
J 2526 C1 java.lang.reflect.Method.invoke(Ljava/lang/Object;[Ljava/lang/Object;)Ljava/lang/Object; (62 bytes) @ 0x000001df9833116c [0x000001df98330d80+0x3ec]
j  org.uqbar.project.wollok.ui.utils.XTendUtilExtensions.invokeConvertingArgs(Ljava/lang/reflect/Method;Ljava/lang/Object;[Ljava/lang/Object;)Lorg/uqbar/project/wollok/interpreter/core/WollokObject;+261
j  org.uqbar.project.wollok.interpreter.AbstractWollokCallable._invokeNative(Ljava/lang/Object;Ljava/lang/String;[Lorg/uqbar/project/wollok/interpreter/core/WollokObject;)Lorg/uqbar/project/wollok/interpreter/core/WollokObject;+41
j  org.uqbar.project.wollok.interpreter.AbstractWollokCallable.invokeNative(Ljava/lang/Object;Ljava/lang/String;[Lorg/uqbar/project/wollok/interpreter/core/WollokObject;)Lorg/uqbar/project/wollok/interpreter/core/WollokObject;+26
j  org.uqbar.project.wollok.interpreter.AbstractWollokCallable$1.apply()Lorg/uqbar/project/wollok/interpreter/core/WollokObject;+55
j  org.uqbar.project.wollok.interpreter.AbstractWollokCallable$1.apply()Ljava/lang/Object;+1
j  org.uqbar.project.wollok.interpreter.threads.WThread.performOnStack(Lorg/eclipse/emf/ecore/EObject;Lorg/uqbar/project/wollok/interpreter/context/EvaluationContext;Lorg/eclipse/xtext/xbase/lib/Functions$Function0;)Lorg/uqbar/project/wollok/interpreter/core/WollokObject;+29
j  org.uqbar.project.wollok.interpreter.WollokInterpreter.performOnStack(Lorg/eclipse/emf/ecore/EObject;Lorg/uqbar/project/wollok/interpreter/context/EvaluationContext;Lorg/eclipse/xtext/xbase/lib/Functions$Function0;)Lorg/uqbar/project/wollok/interpreter/core/WollokObject;+7
j  org.uqbar.project.wollok.interpreter.AbstractWollokCallable.call(Lorg/uqbar/project/wollok/wollokDsl/WMethodDeclaration;[Lorg/uqbar/project/wollok/interpreter/core/WollokObject;)Lorg/uqbar/project/wollok/interpreter/core/WollokObject;+38
j  org.uqbar.project.wollok.interpreter.core.WollokObject.call(Ljava/lang/String;[Lorg/uqbar/project/wollok/interpreter/core/WollokObject;)Lorg/uqbar/project/wollok/interpreter/core/WollokObject;+55
j  org.uqbar.project.wollok.interpreter.WollokInterpreterEvaluator._evaluate(Lorg/uqbar/project/wollok/wollokDsl/WFeatureCall;)Lorg/uqbar/project/wollok/interpreter/core/WollokObject;+119
j  org.uqbar.project.wollok.launch.WollokLauncherInterpreterEvaluator.evaluate(Lorg/eclipse/emf/ecore/EObject;)Lorg/uqbar/project/wollok/interpreter/core/WollokObject;+412
j  org.uqbar.project.wollok.interpreter.WollokInterpreterEvaluator.evaluate(Lorg/eclipse/emf/ecore/EObject;)Ljava/lang/Object;+2
j  org.uqbar.project.wollok.interpreter.WollokInterpreter.eval(Lorg/eclipse/emf/ecore/EObject;)Lorg/uqbar/project/wollok/interpreter/core/WollokObject;+63
j  org.uqbar.project.wollok.interpreter.WollokInterpreterEvaluator.eval(Lorg/eclipse/emf/ecore/EObject;)Lorg/uqbar/project/wollok/interpreter/core/WollokObject;+5
j  org.uqbar.project.wollok.interpreter.WollokInterpreterEvaluator$1.apply(Lorg/uqbar/project/wollok/interpreter/core/WollokObject;Lorg/eclipse/emf/ecore/EObject;)Lorg/uqbar/project/wollok/interpreter/core/WollokObject;+5
j  org.uqbar.project.wollok.interpreter.WollokInterpreterEvaluator$1.apply(Ljava/lang/Object;Ljava/lang/Object;)Ljava/lang/Object;+9
j  org.eclipse.xtext.xbase.lib.IteratorExtensions.fold(Ljava/util/Iterator;Ljava/lang/Object;Lorg/eclipse/xtext/xbase/lib/Functions$Function2;)Ljava/lang/Object;+19
j  org.eclipse.xtext.xbase.lib.IterableExtensions.fold(Ljava/lang/Iterable;Ljava/lang/Object;Lorg/eclipse/xtext/xbase/lib/Functions$Function2;)Ljava/lang/Object;+8
j  org.uqbar.project.wollok.interpreter.WollokInterpreterEvaluator.evalAll(Ljava/lang/Iterable;)Lorg/uqbar/project/wollok/interpreter/core/WollokObject;+12
j  org.uqbar.project.wollok.interpreter.WollokInterpreterEvaluator._evaluate(Lorg/uqbar/project/wollok/wollokDsl/WBlockExpression;)Lorg/uqbar/project/wollok/interpreter/core/WollokObject;+34
j  org.uqbar.project.wollok.launch.WollokLauncherInterpreterEvaluator.evaluate(Lorg/eclipse/emf/ecore/EObject;)Lorg/uqbar/project/wollok/interpreter/core/WollokObject;+76
j  org.uqbar.project.wollok.interpreter.WollokInterpreterEvaluator.evaluate(Lorg/eclipse/emf/ecore/EObject;)Ljava/lang/Object;+2
j  org.uqbar.project.wollok.interpreter.WollokInterpreter.eval(Lorg/eclipse/emf/ecore/EObject;)Lorg/uqbar/project/wollok/interpreter/core/WollokObject;+63
j  org.uqbar.project.wollok.interpreter.AbstractWollokCallable.eval(Lorg/eclipse/emf/ecore/EObject;)Lorg/uqbar/project/wollok/interpreter/core/WollokObject;+5
j  org.uqbar.project.wollok.interpreter.AbstractWollokCallable$1.apply()Lorg/uqbar/project/wollok/interpreter/core/WollokObject;+110
j  org.uqbar.project.wollok.interpreter.AbstractWollokCallable$1.apply()Ljava/lang/Object;+1
j  org.uqbar.project.wollok.interpreter.threads.WThread.performOnStack(Lorg/eclipse/emf/ecore/EObject;Lorg/uqbar/project/wollok/interpreter/context/EvaluationContext;Lorg/eclipse/xtext/xbase/lib/Functions$Function0;)Lorg/uqbar/project/wollok/interpreter/core/WollokObject;+29
j  org.uqbar.project.wollok.interpreter.WollokInterpreter.performOnStack(Lorg/eclipse/emf/ecore/EObject;Lorg/uqbar/project/wollok/interpreter/context/EvaluationContext;Lorg/eclipse/xtext/xbase/lib/Functions$Function0;)Lorg/uqbar/project/wollok/interpreter/core/WollokObject;+7
j  org.uqbar.project.wollok.interpreter.AbstractWollokCallable.call(Lorg/uqbar/project/wollok/wollokDsl/WMethodDeclaration;[Lorg/uqbar/project/wollok/interpreter/core/WollokObject;)Lorg/uqbar/project/wollok/interpreter/core/WollokObject;+38
j  org.uqbar.project.wollok.interpreter.core.WollokObject.call(Ljava/lang/String;[Lorg/uqbar/project/wollok/interpreter/core/WollokObject;)Lorg/uqbar/project/wollok/interpreter/core/WollokObject;+55
j  org.uqbar.project.wollok.interpreter.WollokInterpreterEvaluator._evaluate(Lorg/uqbar/project/wollok/wollokDsl/WFeatureCall;)Lorg/uqbar/project/wollok/interpreter/core/WollokObject;+119
j  org.uqbar.project.wollok.launch.WollokLauncherInterpreterEvaluator.evaluate(Lorg/eclipse/emf/ecore/EObject;)Lorg/uqbar/project/wollok/interpreter/core/WollokObject;+412
j  org.uqbar.project.wollok.interpreter.WollokInterpreterEvaluator.evaluate(Lorg/eclipse/emf/ecore/EObject;)Ljava/lang/Object;+2
j  org.uqbar.project.wollok.interpreter.WollokInterpreter.eval(Lorg/eclipse/emf/ecore/EObject;)Lorg/uqbar/project/wollok/interpreter/core/WollokObject;+63
j  org.uqbar.project.wollok.interpreter.WollokInterpreterEvaluator.eval(Lorg/eclipse/emf/ecore/EObject;)Lorg/uqbar/project/wollok/interpreter/core/WollokObject;+5
j  org.uqbar.project.wollok.interpreter.WollokInterpreterEvaluator$1.apply(Lorg/uqbar/project/wollok/interpreter/core/WollokObject;Lorg/eclipse/emf/ecore/EObject;)Lorg/uqbar/project/wollok/interpreter/core/WollokObject;+5
j  org.uqbar.project.wollok.interpreter.WollokInterpreterEvaluator$1.apply(Ljava/lang/Object;Ljava/lang/Object;)Ljava/lang/Object;+9
j  org.eclipse.xtext.xbase.lib.IteratorExtensions.fold(Ljava/util/Iterator;Ljava/lang/Object;Lorg/eclipse/xtext/xbase/lib/Functions$Function2;)Ljava/lang/Object;+19
j  org.eclipse.xtext.xbase.lib.IterableExtensions.fold(Ljava/lang/Iterable;Ljava/lang/Object;Lorg/eclipse/xtext/xbase/lib/Functions$Function2;)Ljava/lang/Object;+8
j  org.uqbar.project.wollok.interpreter.WollokInterpreterEvaluator.evalAll(Ljava/lang/Iterable;)Lorg/uqbar/project/wollok/interpreter/core/WollokObject;+12
j  org.uqbar.project.wollok.interpreter.WollokInterpreterEvaluator._evaluate(Lorg/uqbar/project/wollok/wollokDsl/WProgram;)Lorg/uqbar/project/wollok/interpreter/core/WollokObject;+18
j  org.uqbar.project.wollok.launch.WollokLauncherInterpreterEvaluator.evaluate(Lorg/eclipse/emf/ecore/EObject;)Lorg/uqbar/project/wollok/interpreter/core/WollokObject;+444
j  org.uqbar.project.wollok.interpreter.WollokInterpreterEvaluator.evaluate(Lorg/eclipse/emf/ecore/EObject;)Ljava/lang/Object;+2
j  org.uqbar.project.wollok.interpreter.WollokInterpreter.eval(Lorg/eclipse/emf/ecore/EObject;)Lorg/uqbar/project/wollok/interpreter/core/WollokObject;+63
j  org.uqbar.project.wollok.interpreter.WollokInterpreterEvaluator.eval(Lorg/eclipse/emf/ecore/EObject;)Lorg/uqbar/project/wollok/interpreter/core/WollokObject;+5
j  org.uqbar.project.wollok.launch.WollokLauncherInterpreterEvaluator._evaluate(Lorg/uqbar/project/wollok/wollokDsl/WFile;)Lorg/uqbar/project/wollok/interpreter/core/WollokObject;+32
j  org.uqbar.project.wollok.launch.WollokLauncherInterpreterEvaluator.evaluate(Lorg/eclipse/emf/ecore/EObject;)Lorg/uqbar/project/wollok/interpreter/core/WollokObject;+428
j  org.uqbar.project.wollok.interpreter.WollokInterpreterEvaluator.evaluate(Lorg/eclipse/emf/ecore/EObject;)Ljava/lang/Object;+2
j  org.uqbar.project.wollok.interpreter.WollokInterpreter.interpret(Lorg/eclipse/emf/ecore/EObject;Ljava/lang/Boolean;)Lorg/uqbar/project/wollok/interpreter/core/WollokObject;+25
j  org.uqbar.project.wollok.interpreter.WollokInterpreter.interpret(Lorg/eclipse/emf/ecore/EObject;)Lorg/uqbar/project/wollok/interpreter/core/WollokObject;+8
j  org.uqbar.project.wollok.launch.WollokLauncher.doSomething(Lorg/uqbar/project/wollok/wollokDsl/WFile;Lcom/google/inject/Injector;Ljava/io/File;Lorg/uqbar/project/wollok/launch/WollokLauncherParameters;)V+109
j  org.uqbar.project.wollok.launch.WollokChecker.launch(Ljava/lang/String;Lorg/uqbar/project/wollok/launch/WollokLauncherParameters;)V+31
j  org.uqbar.project.wollok.launch.WollokChecker.doMain([Ljava/lang/String;)V+205
j  org.uqbar.project.wollok.launch.WollokLauncher.main([Ljava/lang/String;)V+8
v  ~StubRoutines::call_stub

---------------  P R O C E S S  ---------------

Java Threads: ( => current thread )
  0x000001dfae203000 JavaThread "com.google.inject.internal.util.$Finalizer" daemon [_thread_blocked, id=6312, stack(0x0000004b42200000,0x0000004b42300000)]
  0x000001dfadb0d000 JavaThread "EMF Reference Cleaner" daemon [_thread_blocked, id=13052, stack(0x0000004b42100000,0x0000004b42200000)]
  0x000001dfac2cb000 JavaThread "Service Thread" daemon [_thread_blocked, id=10584, stack(0x0000004b41f00000,0x0000004b42000000)]
  0x000001dfac275000 JavaThread "C1 CompilerThread2" daemon [_thread_blocked, id=13576, stack(0x0000004b41e00000,0x0000004b41f00000)]
  0x000001dfac258000 JavaThread "C2 CompilerThread1" daemon [_thread_blocked, id=5944, stack(0x0000004b41d00000,0x0000004b41e00000)]
  0x000001dfac24f800 JavaThread "C2 CompilerThread0" daemon [_thread_blocked, id=1384, stack(0x0000004b41c00000,0x0000004b41d00000)]
  0x000001dfac24a000 JavaThread "Attach Listener" daemon [_thread_blocked, id=13196, stack(0x0000004b41b00000,0x0000004b41c00000)]
  0x000001dfac231000 JavaThread "Signal Dispatcher" daemon [_thread_blocked, id=8240, stack(0x0000004b41a00000,0x0000004b41b00000)]
  0x000001dfac219800 JavaThread "Finalizer" daemon [_thread_blocked, id=15704, stack(0x0000004b41900000,0x0000004b41a00000)]
  0x000001dfac211000 JavaThread "Reference Handler" daemon [_thread_blocked, id=9944, stack(0x0000004b41800000,0x0000004b41900000)]
=>0x000001df95ffc000 JavaThread "main" [_thread_in_native, id=11584, stack(0x0000004b41200000,0x0000004b41300000)]

Other Threads:
  0x000001dfac1e5800 VMThread [stack: 0x0000004b41700000,0x0000004b41800000] [id=9840]
  0x000001dfac2cd800 WatcherThread [stack: 0x0000004b42000000,0x0000004b42100000] [id=9452]

VM state:not at safepoint (normal execution)

VM Mutex/Monitor currently owned by a thread: None

heap address: 0x0000000081c00000, size: 2020 MB, Compressed Oops mode: 32-bit
Narrow klass base: 0x0000000000000000, Narrow klass shift: 3
Compressed class space size: 1073741824 Address: 0x0000000100000000

Heap:
 PSYoungGen      total 71680K, used 5589K [0x00000000d5f00000, 0x00000000dfd00000, 0x0000000100000000)
  eden space 66560K, 8% used [0x00000000d5f00000,0x00000000d64755b8,0x00000000da000000)
  from space 5120K, 0% used [0x00000000da000000,0x00000000da000000,0x00000000da500000)
  to   space 14336K, 0% used [0x00000000def00000,0x00000000def00000,0x00000000dfd00000)
 ParOldGen       total 82944K, used 22158K [0x0000000081c00000, 0x0000000086d00000, 0x00000000d5f00000)
  object space 82944K, 26% used [0x0000000081c00000,0x00000000831a3868,0x0000000086d00000)
 Metaspace       used 21217K, capacity 21418K, committed 21504K, reserved 1069056K
  class space    used 2685K, capacity 2751K, committed 2816K, reserved 1048576K

Card table byte_map: [0x000001dfa6e70000,0x000001dfa7270000] byte_map_base: 0x000001dfa6a62000

Marking Bits: (ParMarkBitMap*) 0x000000007713b810
 Begin Bits: [0x000001dfa7520000, 0x000001dfa94b0000)
 End Bits:   [0x000001dfa94b0000, 0x000001dfab440000)

Polling page: 0x000001df961b0000

CodeCache: size=245760Kb used=10330Kb max_used=10334Kb free=235429Kb
 bounds [0x000001df97ab0000, 0x000001df984d0000, 0x000001dfa6ab0000]
 total_blobs=3677 nmethods=3235 adapters=352
 compilation: enabled

Compilation events (10 events):
Event: 17.211 Thread 0x000001dfac258000 3268       4       sun.nio.cs.UTF_8$Encoder::encode (359 bytes)
Event: 17.247 Thread 0x000001dfac258000 nmethod 3268 0x000001df984ce190 code [0x000001df984ce300, 0x000001df984cea38]
Event: 17.249 Thread 0x000001dfac275000 3269       3       java.nio.DirectByteBuffer::put (18 bytes)
Event: 17.250 Thread 0x000001dfac275000 nmethod 3269 0x000001df984c8b10 code [0x000001df984c8c80, 0x000001df984c8ef8]
Event: 17.250 Thread 0x000001dfac275000 3270       3       java.nio.DirectByteBuffer::ix (10 bytes)
Event: 17.250 Thread 0x000001dfac275000 nmethod 3270 0x000001df984c87d0 code [0x000001df984c8920, 0x000001df984c8a78]
Event: 17.252 Thread 0x000001dfac275000 3272       3       java.nio.DirectByteBuffer::put (18 bytes)
Event: 17.253 Thread 0x000001dfac275000 nmethod 3272 0x000001df984c82d0 code [0x000001df984c8440, 0x000001df984c86b8]
Event: 17.253 Thread 0x000001dfac275000 3273       1       java.nio.DirectByteBuffer::ix (10 bytes)
Event: 17.254 Thread 0x000001dfac275000 nmethod 3273 0x000001df984c8010 code [0x000001df984c8160, 0x000001df984c8278]

GC Heap History (10 events):
Event: 4.749 GC heap before
{Heap before GC invocations=2 (full 0):
 PSYoungGen      total 38400K, used 38393K [0x00000000d5f00000, 0x00000000d8980000, 0x0000000100000000)
  eden space 33280K, 100% used [0x00000000d5f00000,0x00000000d7f80000,0x00000000d7f80000)
  from space 5120K, 99% used [0x00000000d7f80000,0x00000000d847e510,0x00000000d8480000)
  to   space 5120K, 0% used [0x00000000d8480000,0x00000000d8480000,0x00000000d8980000)
 ParOldGen       total 87552K, used 1787K [0x0000000081c00000, 0x0000000087180000, 0x00000000d5f00000)
  object space 87552K, 2% used [0x0000000081c00000,0x0000000081dbedb0,0x0000000087180000)
 Metaspace       used 8631K, capacity 8740K, committed 8832K, reserved 1056768K
  class space    used 1036K, capacity 1076K, committed 1152K, reserved 1048576K
Event: 4.789 GC heap after
Heap after GC invocations=2 (full 0):
 PSYoungGen      total 38400K, used 5104K [0x00000000d5f00000, 0x00000000daa00000, 0x0000000100000000)
  eden space 33280K, 0% used [0x00000000d5f00000,0x00000000d5f00000,0x00000000d7f80000)
  from space 5120K, 99% used [0x00000000d8480000,0x00000000d897c020,0x00000000d8980000)
  to   space 5120K, 0% used [0x00000000d7f80000,0x00000000d7f80000,0x00000000d8480000)
 ParOldGen       total 87552K, used 11149K [0x0000000081c00000, 0x0000000087180000, 0x00000000d5f00000)
  object space 87552K, 12% used [0x0000000081c00000,0x00000000826e3610,0x0000000087180000)
 Metaspace       used 8631K, capacity 8740K, committed 8832K, reserved 1056768K
  class space    used 1036K, capacity 1076K, committed 1152K, reserved 1048576K
}
Event: 6.714 GC heap before
{Heap before GC invocations=3 (full 0):
 PSYoungGen      total 38400K, used 38384K [0x00000000d5f00000, 0x00000000daa00000, 0x0000000100000000)
  eden space 33280K, 100% used [0x00000000d5f00000,0x00000000d7f80000,0x00000000d7f80000)
  from space 5120K, 99% used [0x00000000d8480000,0x00000000d897c020,0x00000000d8980000)
  to   space 5120K, 0% used [0x00000000d7f80000,0x00000000d7f80000,0x00000000d8480000)
 ParOldGen       total 87552K, used 11149K [0x0000000081c00000, 0x0000000087180000, 0x00000000d5f00000)
  object space 87552K, 12% used [0x0000000081c00000,0x00000000826e3610,0x0000000087180000)
 Metaspace       used 12075K, capacity 12176K, committed 12416K, reserved 1060864K
  class space    used 1516K, capacity 1558K, committed 1664K, reserved 1048576K
Event: 6.750 GC heap after
Heap after GC invocations=3 (full 0):
 PSYoungGen      total 38400K, used 5092K [0x00000000d5f00000, 0x00000000daa00000, 0x0000000100000000)
  eden space 33280K, 0% used [0x00000000d5f00000,0x00000000d5f00000,0x00000000d7f80000)
  from space 5120K, 99% used [0x00000000d7f80000,0x00000000d84791b0,0x00000000d8480000)
  to   space 5120K, 0% used [0x00000000da500000,0x00000000da500000,0x00000000daa00000)
 ParOldGen       total 87552K, used 17936K [0x0000000081c00000, 0x0000000087180000, 0x00000000d5f00000)
  object space 87552K, 20% used [0x0000000081c00000,0x0000000082d841b8,0x0000000087180000)
 Metaspace       used 12075K, capacity 12176K, committed 12416K, reserved 1060864K
  class space    used 1516K, capacity 1558K, committed 1664K, reserved 1048576K
}
Event: 9.127 GC heap before
{Heap before GC invocations=4 (full 0):
 PSYoungGen      total 38400K, used 38372K [0x00000000d5f00000, 0x00000000daa00000, 0x0000000100000000)
  eden space 33280K, 100% used [0x00000000d5f00000,0x00000000d7f80000,0x00000000d7f80000)
  from space 5120K, 99% used [0x00000000d7f80000,0x00000000d84791b0,0x00000000d8480000)
  to   space 5120K, 0% used [0x00000000da500000,0x00000000da500000,0x00000000daa00000)
 ParOldGen       total 87552K, used 17936K [0x0000000081c00000, 0x0000000087180000, 0x00000000d5f00000)
  object space 87552K, 20% used [0x0000000081c00000,0x0000000082d841b8,0x0000000087180000)
 Metaspace       used 16017K, capacity 16102K, committed 16256K, reserved 1062912K
  class space    used 2080K, capacity 2111K, committed 2176K, reserved 1048576K
Event: 9.169 GC heap after
Heap after GC invocations=4 (full 0):
 PSYoungGen      total 71680K, used 5092K [0x00000000d5f00000, 0x00000000daa00000, 0x0000000100000000)
  eden space 66560K, 0% used [0x00000000d5f00000,0x00000000d5f00000,0x00000000da000000)
  from space 5120K, 99% used [0x00000000da500000,0x00000000da9f92f8,0x00000000daa00000)
  to   space 5120K, 0% used [0x00000000da000000,0x00000000da000000,0x00000000da500000)
 ParOldGen       total 87552K, used 24096K [0x0000000081c00000, 0x0000000087180000, 0x00000000d5f00000)
  object space 87552K, 27% used [0x0000000081c00000,0x0000000083388248,0x0000000087180000)
 Metaspace       used 16017K, capacity 16102K, committed 16256K, reserved 1062912K
  class space    used 2080K, capacity 2111K, committed 2176K, reserved 1048576K
}
Event: 16.694 GC heap before
{Heap before GC invocations=5 (full 0):
 PSYoungGen      total 71680K, used 58579K [0x00000000d5f00000, 0x00000000daa00000, 0x0000000100000000)
  eden space 66560K, 80% used [0x00000000d5f00000,0x00000000d933baf8,0x00000000da000000)
  from space 5120K, 99% used [0x00000000da500000,0x00000000da9f92f8,0x00000000daa00000)
  to   space 5120K, 0% used [0x00000000da000000,0x00000000da000000,0x00000000da500000)
 ParOldGen       total 87552K, used 24096K [0x0000000081c00000, 0x0000000087180000, 0x00000000d5f00000)
  object space 87552K, 27% used [0x0000000081c00000,0x0000000083388248,0x0000000087180000)
 Metaspace       used 20943K, capacity 21162K, committed 21248K, reserved 1067008K
  class space    used 2646K, capacity 2751K, committed 2816K, reserved 1048576K
Event: 16.750 GC heap after
Heap after GC invocations=5 (full 0):
 PSYoungGen      total 71680K, used 5120K [0x00000000d5f00000, 0x00000000dfd00000, 0x0000000100000000)
  eden space 66560K, 0% used [0x00000000d5f00000,0x00000000d5f00000,0x00000000da000000)
  from space 5120K, 100% used [0x00000000da000000,0x00000000da500000,0x00000000da500000)
  to   space 14336K, 0% used [0x00000000def00000,0x00000000def00000,0x00000000dfd00000)
 ParOldGen       total 87552K, used 30333K [0x0000000081c00000, 0x0000000087180000, 0x00000000d5f00000)
  object space 87552K, 34% used [0x0000000081c00000,0x000000008399f458,0x0000000087180000)
 Metaspace       used 20943K, capacity 21162K, committed 21248K, reserved 1067008K
  class space    used 2646K, capacity 2751K, committed 2816K, reserved 1048576K
}
Event: 16.750 GC heap before
{Heap before GC invocations=6 (full 1):
 PSYoungGen      total 71680K, used 5120K [0x00000000d5f00000, 0x00000000dfd00000, 0x0000000100000000)
  eden space 66560K, 0% used [0x00000000d5f00000,0x00000000d5f00000,0x00000000da000000)
  from space 5120K, 100% used [0x00000000da000000,0x00000000da500000,0x00000000da500000)
  to   space 14336K, 0% used [0x00000000def00000,0x00000000def00000,0x00000000dfd00000)
 ParOldGen       total 87552K, used 30333K [0x0000000081c00000, 0x0000000087180000, 0x00000000d5f00000)
  object space 87552K, 34% used [0x0000000081c00000,0x000000008399f458,0x0000000087180000)
 Metaspace       used 20943K, capacity 21162K, committed 21248K, reserved 1067008K
  class space    used 2646K, capacity 2751K, committed 2816K, reserved 1048576K
Event: 17.046 GC heap after
Heap after GC invocations=6 (full 1):
 PSYoungGen      total 71680K, used 0K [0x00000000d5f00000, 0x00000000dfd00000, 0x0000000100000000)
  eden space 66560K, 0% used [0x00000000d5f00000,0x00000000d5f00000,0x00000000da000000)
  from space 5120K, 0% used [0x00000000da000000,0x00000000da000000,0x00000000da500000)
  to   space 14336K, 0% used [0x00000000def00000,0x00000000def00000,0x00000000dfd00000)
 ParOldGen       total 82944K, used 22158K [0x0000000081c00000, 0x0000000086d00000, 0x00000000d5f00000)
  object space 82944K, 26% used [0x0000000081c00000,0x00000000831a3868,0x0000000086d00000)
 Metaspace       used 20943K, capacity 21162K, committed 21248K, reserved 1067008K
  class space    used 2646K, capacity 2751K, committed 2816K, reserved 1048576K
}

Deoptimization events (10 events):
Event: 13.047 Thread 0x000001df95ffc000 Uncommon trap: reason=class_check action=maybe_recompile pc=0x000001df9820233c method=org.eclipse.xtext.nodemodel.impl.NodeModelBuilder.addChild(Lorg/eclipse/xtext/nodemodel/ICompositeNode;Lorg/eclipse/xtext/nodemodel/impl/AbstractNode;)V @ 6
Event: 13.083 Thread 0x000001df95ffc000 Uncommon trap: reason=unstable_if action=reinterpret pc=0x000001df98385544 method=org.eclipse.emf.common.notify.impl.BasicNotifierImpl$EAdapterList.getAdapterForType(Ljava/lang/Object;)Lorg/eclipse/emf/common/notify/Adapter; @ 50
Event: 13.087 Thread 0x000001df95ffc000 Uncommon trap: reason=unstable_if action=reinterpret pc=0x000001df9838499c method=org.eclipse.emf.common.notify.impl.BasicNotifierImpl$EAdapterList.data()[Ljava/lang/Object; @ 16
Event: 13.217 Thread 0x000001df95ffc000 Uncommon trap: reason=class_check action=maybe_recompile pc=0x000001df981ceec4 method=org.eclipse.xtext.nodemodel.impl.NodeModelBuilder.addChild(Lorg/eclipse/xtext/nodemodel/ICompositeNode;Lorg/eclipse/xtext/nodemodel/impl/AbstractNode;)V @ 6
Event: 13.404 Thread 0x000001df95ffc000 Uncommon trap: reason=unstable_if action=reinterpret pc=0x000001df98310f28 method=org.eclipse.xtext.nodemodel.impl.InternalNodeModelUtils.computeLineBreaks(Ljava/lang/String;)[I @ 37
Event: 14.036 Thread 0x000001df95ffc000 Uncommon trap: reason=unstable_if action=reinterpret pc=0x000001df97fe0e08 method=java.util.concurrent.ConcurrentHashMap.putVal(Ljava/lang/Object;Ljava/lang/Object;Z)Ljava/lang/Object; @ 181
Event: 14.143 Thread 0x000001df95ffc000 Uncommon trap: reason=unstable_if action=reinterpret pc=0x000001df97d1c948 method=java.lang.ThreadLocal$ThreadLocalMap.getEntry(Ljava/lang/ThreadLocal;)Ljava/lang/ThreadLocal$ThreadLocalMap$Entry; @ 29
Event: 14.186 Thread 0x000001df95ffc000 Uncommon trap: reason=unstable_if action=reinterpret pc=0x000001df97d2c3dc method=java.lang.ThreadLocal$ThreadLocalMap.getEntry(Ljava/lang/ThreadLocal;)Ljava/lang/ThreadLocal$ThreadLocalMap$Entry; @ 29
Event: 15.303 Thread 0x000001df95ffc000 Uncommon trap: reason=unstable_if action=reinterpret pc=0x000001df97e44190 method=java.io.WinNTFileSystem.normalize(Ljava/lang/String;)Ljava/lang/String; @ 49
Event: 17.106 Thread 0x000001df95ffc000 Uncommon trap: reason=unstable_if action=reinterpret pc=0x000001df97c79710 method=sun.nio.cs.UTF_8$Encoder.encode([CII[B)I @ 33

Classes redefined (0 events):
No events

Internal exceptions (10 events):
Event: 13.755 Thread 0x000001df95ffc000 Exception <a 'java/io/FileNotFoundException'> (0x00000000d7e2be18) thrown at [J:\jenkins\tmp\workspace\build\src\hotspot\src\share\vm\prims\jni.cpp, line 711]
Event: 14.524 Thread 0x000001df95ffc000 Exception <a 'java/lang/reflect/InvocationTargetException'> (0x00000000d89710e8) thrown at [J:\jenkins\tmp\workspace\build\src\hotspot\src\share\vm\runtime\reflection.cpp, line 1092]
Event: 14.533 Thread 0x000001df95ffc000 Exception <a 'java/lang/reflect/InvocationTargetException'> (0x00000000d8989ae8) thrown at [J:\jenkins\tmp\workspace\build\src\hotspot\src\share\vm\runtime\reflection.cpp, line 1092]
Event: 14.543 Thread 0x000001df95ffc000 Exception <a 'java/lang/reflect/InvocationTargetException'> (0x00000000d89a4d08) thrown at [J:\jenkins\tmp\workspace\build\src\hotspot\src\share\vm\runtime\reflection.cpp, line 1092]
Event: 17.416 Thread 0x000001df95ffc000 Exception <a 'java/security/PrivilegedActionException'> (0x00000000d62bdda8) thrown at [J:\jenkins\tmp\workspace\build\src\hotspot\src\share\vm\prims\jvm.cpp, line 1523]
Event: 17.416 Thread 0x000001df95ffc000 Exception <a 'java/security/PrivilegedActionException'> (0x00000000d62bf2d8) thrown at [J:\jenkins\tmp\workspace\build\src\hotspot\src\share\vm\prims\jvm.cpp, line 1523]
Event: 17.417 Thread 0x000001df95ffc000 Exception <a 'java/security/PrivilegedActionException'> (0x00000000d62c0708) thrown at [J:\jenkins\tmp\workspace\build\src\hotspot\src\share\vm\prims\jvm.cpp, line 1523]
Event: 17.417 Thread 0x000001df95ffc000 Exception <a 'java/security/PrivilegedActionException'> (0x00000000d62c1dc8) thrown at [J:\jenkins\tmp\workspace\build\src\hotspot\src\share\vm\prims\jvm.cpp, line 1523]
Event: 17.417 Thread 0x000001df95ffc000 Exception <a 'java/security/PrivilegedActionException'> (0x00000000d62c31c0) thrown at [J:\jenkins\tmp\workspace\build\src\hotspot\src\share\vm\prims\jvm.cpp, line 1523]
Event: 17.417 Thread 0x000001df95ffc000 Exception <a 'java/security/PrivilegedActionException'> (0x00000000d62c4588) thrown at [J:\jenkins\tmp\workspace\build\src\hotspot\src\share\vm\prims\jvm.cpp, line 1523]

Events (10 events):
Event: 17.504 loading class org/lwjgl/openal/ALCdevice
Event: 17.504 loading class org/lwjgl/openal/ALCdevice done
Event: 17.506 loading class org/lwjgl/openal/ALCcontext
Event: 17.506 loading class org/lwjgl/openal/ALCcontext done
Event: 17.508 loading class java/nio/DirectIntBufferU
Event: 17.509 loading class java/nio/DirectIntBufferU done
Event: 17.509 loading class org/lwjgl/openal/Util
Event: 17.509 loading class org/lwjgl/openal/Util done
Event: 17.510 loading class org/lwjgl/openal/OpenALException
Event: 17.510 loading class org/lwjgl/openal/OpenALException done


Dynamic libraries:
0x00007ff7f3e00000 - 0x00007ff7f3e3a000 	C:\Program Files\AdoptOpenJDK\jdk-8.0.282.8-hotspot\bin\javaw.exe
0x00007fff5e3c0000 - 0x00007fff5e5b0000 	C:\WINDOWS\SYSTEM32\ntdll.dll
0x00007fff5e260000 - 0x00007fff5e312000 	C:\WINDOWS\System32\KERNEL32.DLL
0x00007fff5c1c0000 - 0x00007fff5c464000 	C:\WINDOWS\System32\KERNELBASE.dll
0x00007fff5c700000 - 0x00007fff5c7a3000 	C:\WINDOWS\System32\ADVAPI32.dll
0x00007fff5c500000 - 0x00007fff5c59e000 	C:\WINDOWS\System32\msvcrt.dll
0x00007fff5d520000 - 0x00007fff5d5b7000 	C:\WINDOWS\System32\sechost.dll
0x00007fff5e140000 - 0x00007fff5e260000 	C:\WINDOWS\System32\RPCRT4.dll
0x00007fff5cf10000 - 0x00007fff5d0a5000 	C:\WINDOWS\System32\USER32.dll
0x00007fff5b640000 - 0x00007fff5b661000 	C:\WINDOWS\System32\win32u.dll
0x00007fff5d8c0000 - 0x00007fff5d8e6000 	C:\WINDOWS\System32\GDI32.dll
0x00007fff5b4a0000 - 0x00007fff5b636000 	C:\WINDOWS\System32\gdi32full.dll
0x00007fff5c020000 - 0x00007fff5c0be000 	C:\WINDOWS\System32\msvcp_win.dll
0x00007fff5c0c0000 - 0x00007fff5c1ba000 	C:\WINDOWS\System32\ucrtbase.dll
0x00007fff48bc0000 - 0x00007fff48e44000 	C:\WINDOWS\WinSxS\amd64_microsoft.windows.common-controls_6595b64144ccf1df_6.0.18362.1016_none_9e7a36bbe461dae4\COMCTL32.dll
0x00007fff5d1e0000 - 0x00007fff5d515000 	C:\WINDOWS\System32\combase.dll
0x00007fff5b3f0000 - 0x00007fff5b470000 	C:\WINDOWS\System32\bcryptPrimitives.dll
0x00007fff5e110000 - 0x00007fff5e13e000 	C:\WINDOWS\System32\IMM32.DLL
0x00007fff31930000 - 0x00007fff31a1f000 	C:\Program Files\AdoptOpenJDK\jdk-8.0.282.8-hotspot\jre\bin\msvcr120.dll
0x00007fff316f0000 - 0x00007fff31796000 	C:\Program Files\AdoptOpenJDK\jdk-8.0.282.8-hotspot\jre\bin\msvcp120.dll
0x0000000076950000 - 0x00000000771ba000 	C:\Program Files\AdoptOpenJDK\jdk-8.0.282.8-hotspot\jre\bin\server\jvm.dll
0x00007fff5c6f0000 - 0x00007fff5c6f8000 	C:\WINDOWS\System32\PSAPI.DLL
0x00007fff44620000 - 0x00007fff44629000 	C:\WINDOWS\SYSTEM32\WSOCK32.dll
0x00007fff5c490000 - 0x00007fff5c4ff000 	C:\WINDOWS\System32\WS2_32.dll
0x00007fff58d20000 - 0x00007fff58d44000 	C:\WINDOWS\SYSTEM32\WINMM.dll
0x00007fff4c2c0000 - 0x00007fff4c2ca000 	C:\WINDOWS\SYSTEM32\VERSION.dll
0x00007fff58b10000 - 0x00007fff58b3d000 	C:\WINDOWS\SYSTEM32\winmmbase.dll
0x00007fff5bfd0000 - 0x00007fff5c01a000 	C:\WINDOWS\System32\cfgmgr32.dll
0x00007fff37bb0000 - 0x00007fff37bbf000 	C:\Program Files\AdoptOpenJDK\jdk-8.0.282.8-hotspot\jre\bin\verify.dll
0x00007fff314a0000 - 0x00007fff314c9000 	C:\Program Files\AdoptOpenJDK\jdk-8.0.282.8-hotspot\jre\bin\java.dll
0x00007fff30cb0000 - 0x00007fff30cc6000 	C:\Program Files\AdoptOpenJDK\jdk-8.0.282.8-hotspot\jre\bin\zip.dll
0x00007fff5d970000 - 0x00007fff5e057000 	C:\WINDOWS\System32\SHELL32.dll
0x00007fff5c5c0000 - 0x00007fff5c669000 	C:\WINDOWS\System32\shcore.dll
0x00007fff5b6d0000 - 0x00007fff5be52000 	C:\WINDOWS\System32\windows.storage.dll
0x00007fff5b2f0000 - 0x00007fff5b313000 	C:\WINDOWS\System32\profapi.dll
0x00007fff5b2a0000 - 0x00007fff5b2ea000 	C:\WINDOWS\System32\powrprof.dll
0x00007fff5b270000 - 0x00007fff5b280000 	C:\WINDOWS\System32\UMPDC.dll
0x00007fff5d5c0000 - 0x00007fff5d612000 	C:\WINDOWS\System32\shlwapi.dll
0x00007fff5b320000 - 0x00007fff5b331000 	C:\WINDOWS\System32\kernel.appcore.dll
0x00007fff5bfb0000 - 0x00007fff5bfc7000 	C:\WINDOWS\System32\cryptsp.dll
0x0000000065580000 - 0x0000000065616000 	C:\Users\niss\AppData\Local\Temp\libgdxniss\12dfaa03\gdx64.dll
0x00007fff5a5a0000 - 0x00007fff5a5d3000 	C:\WINDOWS\system32\rsaenh.dll
0x00007fff5b470000 - 0x00007fff5b496000 	C:\WINDOWS\System32\bcrypt.dll
0x00007fff5b160000 - 0x00007fff5b185000 	C:\WINDOWS\SYSTEM32\USERENV.dll
0x00007fff5ac00000 - 0x00007fff5ac0c000 	C:\WINDOWS\SYSTEM32\CRYPTBASE.dll
0x00007fff30b10000 - 0x00007fff30b2a000 	C:\Program Files\AdoptOpenJDK\jdk-8.0.282.8-hotspot\jre\bin\net.dll
0x00007fff5aa80000 - 0x00007fff5aae7000 	C:\WINDOWS\system32\mswsock.dll
0x00007fff5a7a0000 - 0x00007fff5a7da000 	C:\WINDOWS\SYSTEM32\IPHLPAPI.DLL
0x00007fff5c5a0000 - 0x00007fff5c5a8000 	C:\WINDOWS\System32\NSI.dll
0x00007fff53950000 - 0x00007fff53966000 	C:\WINDOWS\SYSTEM32\dhcpcsvc6.DLL
0x00007fff53900000 - 0x00007fff5391c000 	C:\WINDOWS\SYSTEM32\dhcpcsvc.DLL
0x00007fff5a7e0000 - 0x00007fff5a8ab000 	C:\WINDOWS\SYSTEM32\DNSAPI.dll
0x00007fff30af0000 - 0x00007fff30b02000 	C:\Program Files\AdoptOpenJDK\jdk-8.0.282.8-hotspot\jre\bin\nio.dll
0x0000000180000000 - 0x0000000180053000 	C:\Users\niss\AppData\Local\Temp\libgdxniss\dc0f0009\lwjgl64.dll
0x0000000061580000 - 0x0000000062992000 	C:\WINDOWS\SYSTEM32\OPENGL32.dll
0x00007fff5c470000 - 0x00007fff5c48d000 	C:\WINDOWS\System32\imagehlp.dll
0x000001df96240000 - 0x000001df962a4000 	C:\Users\niss\AppData\Local\Temp\libgdxniss\dc0f0009\OpenAL64.dll
0x00007fff5d690000 - 0x00007fff5d7e7000 	C:\WINDOWS\System32\ole32.dll
0x00007fff594a0000 - 0x00007fff59539000 	C:\WINDOWS\system32\uxtheme.dll
0x00007fff5e060000 - 0x00007fff5e102000 	C:\WINDOWS\System32\clbcatq.dll
0x00007fff4f470000 - 0x00007fff4f509000 	C:\WINDOWS\SYSTEM32\dsound.dll
0x00007fff55800000 - 0x00007fff55872000 	C:\WINDOWS\System32\MMDevApi.dll
0x00007fff5b030000 - 0x00007fff5b05a000 	C:\WINDOWS\System32\DEVOBJ.dll
0x00007fff56080000 - 0x00007fff561dd000 	C:\WINDOWS\SYSTEM32\AUDIOSES.DLL
0x00007fff5d110000 - 0x00007fff5d1d5000 	C:\WINDOWS\System32\OLEAUT32.dll
0x00007fff575d0000 - 0x00007fff57723000 	C:\WINDOWS\SYSTEM32\wintypes.dll
0x00007fff4c350000 - 0x00007fff4c544000 	C:\WINDOWS\SYSTEM32\dbghelp.dll

VM Arguments:
jvm_args: -Duser.language=es_ES -Dfile.encoding=UTF-8 
java_command: org.uqbar.project.wollok.launch.WollokLauncher -requestsPort 0 -eventsPort 0 -folder -dontValidate -coercingStrategy decimals -wf src/spaceInvaders.wpgm -darkMode
java_class_path (initial): C:\Users\niss\Documents\wollok-win32.win32.x86_64\workspace\git\2021s1-tp-grupal-juego-laschicassuperparadigma\bin;C:\Users\niss\Documents\wollok-win32.win32.x86_64\plugins\com.ibm.icu_64.2.0.v20190507-1337.jar;C:\Users\niss\Documents\wollok-win32.win32.x86_64\plugins\org.eclipse.xtext_2.20.0.v20191202-0915.jar;C:\Users\niss\Documents\wollok-win32.win32.x86_64\plugins\org.eclipse.emf.ecore.xmi_2.16.0.v20190528-0725.jar;C:\Users\niss\Documents\wollok-win32.win32.x86_64\plugins\org.eclipse.emf.ecore_2.20.0.v20190920-0401.jar;C:\Users\niss\Documents\wollok-win32.win32.x86_64\plugins\org.eclipse.emf.common_2.17.0.v20190920-0401.jar;C:\Users\niss\Documents\wollok-win32.win32.x86_64\plugins\org.antlr.runtime_3.2.0.v201101311130.jar;C:\Users\niss\Documents\wollok-win32.win32.x86_64\plugins\com.google.inject_3.0.0.v201605172100.jar;C:\Users\niss\Documents\wollok-win32.win32.x86_64\plugins\org.eclipse.emf.mwe.core_1.5.1.v20191121-1148.jar;C:\Users\niss\Documents\wollok-win32.win32.x86_64\plugins\org.apache.commons.cli_1.2.0.v201404270220.jar;C:\Users\niss\Documents\wollok-win32.win32.x86_64\plugins\org.eclipse.emf.mwe2.runtime_2.11.1.v20191121-1148.jar;C:\Users\niss\Documents\wollok-win32.win32.x86_64\plugins\org.eclipse.emf.mwe.utils_1.5.1.v20191121-1148.jar;C:\Users\niss\Documents\wollok-win32.win32.x86_64\plugins\org.eclipse.xtext.util_2.20.0.v20191202-0915.jar;C:\Users\niss\Documents\wollok-win32.win32.x86_64\plugins\com.google.guava_27.1.0.v20190517-1946.jar;C:\Users\niss\Documents\wollok-win32.win32.x86_64\plugins\javax.inject_1.0.0.v20091030.jar;C:\Users\niss\Documents\wollok-win32.win32.x86_64\plugins\org.eclipse.xtext.generator_2.20.0.v20191202-0933.jar;C:\Users\niss\Documents\wollok-win32.win32.x86_64\plugins\org.eclipse.xtext.xtext.generator_2.20.0.v20191202-0915.jar;C:\Users\niss\Documents\wollok-win32.win32.x86_64\plugins\org.eclipse.xtext.xbase.lib_2.20.0.v20191202-0907.jar;C:\Users\niss\Documents\wollok-win32.win32.x86_64\plugins\o
Launcher Type: SUN_STANDARD

Environment Variables:
JAVA_HOME=c:\Users\niss\OneDrive\Documentos\Java
PATH=C:/Program Files/AdoptOpenJDK/jdk-8.0.282.8-hotspot/bin/../jre/bin/server;C:/Program Files/AdoptOpenJDK/jdk-8.0.282.8-hotspot/bin/../jre/bin;C:/Program Files/AdoptOpenJDK/jdk-8.0.282.8-hotspot/bin/../jre/lib/amd64;C:\Program Files\AdoptOpenJDK\jdk-8.0.282.8-hotspot\bin;C:\Program Files (x86)\Common Files\Oracle\Java\javapath;C:\WINDOWS\system32;C:\WINDOWS;C:\WINDOWS\System32\Wbem;C:\WINDOWS\System32\WindowsPowerShell\v1.0\;C:\WINDOWS\System32\OpenSSH\;C:\Program Files\Java\jdk1.8.0_271\bin;c:\Users\niss\OneDrive\Documentos\Java\bin;C:\Users\niss\AppData\Local\Programs\Python\Python39\Scripts\;C:\Users\niss\AppData\Local\Programs\Python\Python39\;C:\Program Files\MySQL\MySQL Shell 8.0\bin\;C:\Users\niss\AppData\Local\Microsoft\WindowsApps;c:\Users\niss\OneDrive\Documentos\Java;;C:\Users\niss\AppData\Local\Programs\Microsoft VS Code\bin;C:\Users\niss\Documents\wollok-win32.win32.x86_64;
USERNAME=niss
OS=Windows_NT
PROCESSOR_IDENTIFIER=Intel64 Family 6 Model 42 Stepping 7, GenuineIntel



---------------  S Y S T E M  ---------------

OS: Windows 10.0 , 64 bit Build 18362 (10.0.18362.959)

CPU:total 4 (initial active 4) (2 cores per cpu, 2 threads per core) family 6 model 42 stepping 7, cmov, cx8, fxsr, mmx, sse, sse2, sse3, ssse3, sse4.1, sse4.2, popcnt, avx, aes, clmul, ht, tsc, tscinvbit

Memory: 4k page, physical 8269036k(3145380k free), swap 10497260k(1655224k free)

vm_info: OpenJDK 64-Bit Server VM (25.282-b08) for windows-amd64 JRE (1.8.0_282-b08), built on Jan 20 2021 11:42:17 by "jenkins" with MS VC++ 12.0 (VS2013)

time: Sat Jun 12 20:49:12 2021
timezone: Hora estándar de Argentina
elapsed time: 17.678286 seconds (0d 0h 0m 17s)

